#0 building with "desktop-linux" instance using docker driver

#1 [internal] load build definition from Dockerfile
#1 transferring dockerfile: 364B done
#1 DONE 0.0s

#2 [internal] load metadata for docker.io/library/node:22.17.0-alpine
#2 ...

#3 [auth] library/node:pull token for registry-1.docker.io
#3 DONE 0.0s

#2 [internal] load metadata for docker.io/library/node:22.17.0-alpine
#2 DONE 3.4s

#4 [internal] load .dockerignore
#4 transferring context: 2B done
#4 DONE 0.0s

#5 [ 1/10] FROM docker.io/library/node:22.17.0-alpine@sha256:fc3e945f920b7e3000cd1af86c4ae406ec70c72f328b667baf0f3a8910d69eed
#5 DONE 0.0s

#6 [internal] load build context
#6 transferring context: 9.16MB 2.1s done
#6 DONE 2.1s

#7 [ 5/10] COPY package.json yarn.lock ./
#7 CACHED

#8 [ 2/10] RUN apk add --no-cache libc6-compat
#8 CACHED

#9 [ 6/10] COPY .yarnrc.yml ./
#9 CACHED

#10 [ 7/10] COPY .yarn ./.yarn
#10 CACHED

#11 [ 3/10] WORKDIR /app
#11 CACHED

#12 [ 4/10] RUN corepack enable && corepack prepare yarn@4.9.2 --activate
#12 CACHED

#13 [ 8/10] RUN yarn install --frozen-lockfile
#13 CACHED

#14 [ 9/10] COPY . .
#14 DONE 8.6s

#15 [10/10] RUN yarn build
#15 2.784 Attention: Next.js now collects completely anonymous telemetry regarding usage.
#15 2.785 This information is used to shape Next.js' roadmap and prioritize features.
#15 2.785 You can learn more, including how to opt-out if you'd not like to participate in this anonymous program, by visiting the following URL:
#15 2.785 https://nextjs.org/telemetry
#15 2.785 
#15 2.958    ▲ Next.js 15.3.3
#15 2.958    - Environments: .env
#15 2.958 
#15 3.136    Creating an optimized production build ...
#15 27.05  ✓ Compiled successfully in 19.0s
#15 27.06    Linting and checking validity of types ...
#15 35.38    Collecting page data ...
#15 38.19    Generating static pages (0/11) ...
#15 39.23    Generating static pages (2/11) 
#15 39.23    Generating static pages (5/11) 
#15 39.23    Generating static pages (8/11) 
#15 39.23  ✓ Generating static pages (11/11)
#15 39.91    Finalizing page optimization ...
#15 39.91    Collecting build traces ...
#15 50.45 
#15 50.46 Route (app)                                 Size  First Load JS
#15 50.46 ┌ ○ /                                      576 B         132 kB
#15 50.46 ├ ○ /_not-found                            977 B         102 kB
#15 50.46 ├ ○ /dashboard                           4.46 kB         163 kB
#15 50.46 ├ ○ /products                            2.84 kB         143 kB
#15 50.46 ├ ƒ /products/[id]                       2.79 kB         166 kB
#15 50.46 ├ ƒ /products/[id]/update                1.66 kB         165 kB
#15 50.46 ├ ○ /products/bulk-creation              3.54 kB         153 kB
#15 50.46 ├ ○ /products/creation                   1.75 kB         165 kB
#15 50.46 ├ ○ /signin                              3.42 kB         200 kB
#15 50.46 ├ ○ /signup                              4.49 kB         152 kB
#15 50.46 └ ƒ /users/[id]/products/history         3.11 kB         143 kB
#15 50.46 + First Load JS shared by all             101 kB
#15 50.46   ├ chunks/4bd1b696-8c309c18c648f738.js  53.2 kB
#15 50.46   ├ chunks/684-61a8e835752f9c4f.js       45.9 kB
#15 50.46   └ other shared chunks (total)          1.92 kB
#15 50.46 
#15 50.46 
#15 50.46 ○  (Static)   prerendered as static content
#15 50.46 ƒ  (Dynamic)  server-rendered on demand
#15 50.46 
#15 DONE 50.6s

#16 exporting to image
#16 exporting layers
#16 exporting layers 5.8s done
#16 writing image sha256:afefdee4a95dbfb8153ced2688c6c648b5dff0c3db0ec9dd5554da19178b1f88
#16 writing image sha256:afefdee4a95dbfb8153ced2688c6c648b5dff0c3db0ec9dd5554da19178b1f88 done
#16 naming to docker.io/library/frontend done
#16 DONE 5.8s
